# JRE version: OpenJDK Runtime Environment AdoptOpenJDK-11.0.11+9 (11.0.11+9) (build 11.0.11+9)
# Java VM: OpenJDK 64-Bit Server VM AdoptOpenJDK-11.0.11+9 (11.0.11+9, mixed mode, tiered, compressed oops, g1 gc, windows-amd64)
Heap:
 garbage-first heap   total 262144K, used 55223K [0x00000000e0000000, 0x0000000100000000)
  region size 1024K, 40 young (40960K), 3 survivors (3072K)
 Metaspace       used 31903K, capacity 32601K, committed 32640K, reserved 282624K
  class space    used 4232K, capacity 4464K, committed 4480K, reserved 253952K
GC Heap History (6 events):
Event: 1.591 GC heap before
{Heap before GC invocations=0 (full 0):
 garbage-first heap   total 262144K, used 29696K [0x00000000e0000000, 0x0000000100000000)
  region size 1024K, 24 young (24576K), 0 survivors (0K)
 Metaspace       used 10369K, capacity 10596K, committed 10624K, reserved 264192K
  class space    used 1071K, capacity 1128K, committed 1152K, reserved 253952K
}
Event: 1.608 GC heap after
{Heap after GC invocations=1 (full 0):
 garbage-first heap   total 262144K, used 8927K [0x00000000e0000000, 0x0000000100000000)
  region size 1024K, 3 young (3072K), 3 survivors (3072K)
 Metaspace       used 10369K, capacity 10596K, committed 10624K, reserved 264192K
  class space    used 1071K, capacity 1128K, committed 1152K, reserved 253952K
}
Event: 5.035 GC heap before
{Heap before GC invocations=1 (full 0):
 garbage-first heap   total 262144K, used 96991K [0x00000000e0000000, 0x0000000100000000)
  region size 1024K, 91 young (93184K), 3 survivors (3072K)
 Metaspace       used 20567K, capacity 21095K, committed 21248K, reserved 272384K
  class space    used 2512K, capacity 2689K, committed 2816K, reserved 253952K
}
Event: 5.050 GC heap after
{Heap after GC invocations=2 (full 0):
 garbage-first heap   total 262144K, used 16574K [0x00000000e0000000, 0x0000000100000000)
  region size 1024K, 11 young (11264K), 11 survivors (11264K)
 Metaspace       used 20567K, capacity 21095K, committed 21248K, reserved 272384K
  class space    used 2512K, capacity 2689K, committed 2816K, reserved 253952K
}
Event: 6.105 GC heap before
{Heap before GC invocations=3 (full 0):
 garbage-first heap   total 262144K, used 76990K [0x00000000e0000000, 0x0000000100000000)
  region size 1024K, 70 young (71680K), 11 survivors (11264K)
 Metaspace       used 26626K, capacity 27362K, committed 27648K, reserved 278528K
  class space    used 3508K, capacity 3743K, committed 3840K, reserved 253952K
}
Event: 6.117 GC heap after
{Heap after GC invocations=4 (full 0):
 garbage-first heap   total 262144K, used 18359K [0x00000000e0000000, 0x0000000100000000)
  region size 1024K, 3 young (3072K), 3 survivors (3072K)
 Metaspace       used 26626K, capacity 27362K, committed 27648K, reserved 278528K
  class space    used 3508K, capacity 3743K, committed 3840K, reserved 253952K
}

